<?xml version="1.0" encoding="UTF-8"?>
<testng-results ignored="0" total="2" passed="2" failed="0" skipped="0">
  <reporter-output>
  </reporter-output>
  <suite started-at="2023-11-27T20:01:19 IST" name="Default suite" finished-at="2023-11-27T20:01:32 IST" duration-ms="13801">
    <groups>
    </groups>
    <test started-at="2023-11-27T20:01:19 IST" name="Default test" finished-at="2023-11-27T20:01:32 IST" duration-ms="13801">
      <class name="Class.TestCase2_Verify_Appointment_Confirmition">
        <test-method is-config="true" signature="setUp()[pri:0, instance:Class.TestCase2_Verify_Appointment_Confirmition@6be968ce]" started-at="2023-11-27T20:01:19 IST" name="setUp" finished-at="2023-11-27T20:01:30 IST" duration-ms="11116" status="PASS">
          <reporter-output>
          </reporter-output>
        </test-method> <!-- setUp -->
        <test-method signature="appointment()[pri:1, instance:Class.TestCase2_Verify_Appointment_Confirmition@6be968ce]" started-at="2023-11-27T20:01:30 IST" name="appointment" finished-at="2023-11-27T20:01:30 IST" duration-ms="698" status="PASS">
          <reporter-output>
          </reporter-output>
        </test-method> <!-- appointment -->
        <test-method signature="logindetails()[pri:2, instance:Class.TestCase2_Verify_Appointment_Confirmition@6be968ce]" started-at="2023-11-27T20:01:30 IST" name="logindetails" finished-at="2023-11-27T20:01:32 IST" depends-on-methods="Class.TestCase2_Verify_Appointment_Confirmition.appointment" duration-ms="1394" status="PASS">
          <reporter-output>
          </reporter-output>
        </test-method> <!-- logindetails -->
        <test-method is-config="true" signature="teardown()[pri:0, instance:Class.TestCase2_Verify_Appointment_Confirmition@6be968ce]" started-at="2023-11-27T20:01:32 IST" name="teardown" finished-at="2023-11-27T20:01:32 IST" duration-ms="486" status="PASS">
          <reporter-output>
          </reporter-output>
        </test-method> <!-- teardown -->
      </class> <!-- Class.TestCase2_Verify_Appointment_Confirmition -->
    </test> <!-- Default test -->
  </suite> <!-- Default suite -->
</testng-results>
