<?xml version="1.0" encoding="UTF-8"?>
<!-- Generated by org.testng.reporters.JUnitXMLReporter -->
<testsuite ignored="6" hostname="SANKAPPA" failures="0" tests="2" name="Default test" time="13.801" errors="0" timestamp="2023-11-27T20:01:32 IST">
  <testcase classname="Class.TestCase2_Verify_Appointment_Confirmition" name="appointment" time="0.698"/>
  <testcase classname="Class.TestCase2_Verify_Appointment_Confirmition" name="logindetails" time="1.394"/>
  <testcase classname="Class.TestCase2_Verify_Appointment_Confirmition" name="selectvisitdate" time="0.0">
    <ignored/>
  </testcase> <!-- selectvisitdate -->
  <testcase classname="Class.TestCase2_Verify_Appointment_Confirmition" name="bookappointment" time="0.0">
    <ignored/>
  </testcase> <!-- bookappointment -->
  <testcase classname="Class.TestCase2_Verify_Appointment_Confirmition" name="checkboxclick" time="0.0">
    <ignored/>
  </testcase> <!-- checkboxclick -->
  <testcase classname="Class.TestCase2_Verify_Appointment_Confirmition" name="verifyappointmentword" time="0.0">
    <ignored/>
  </testcase> <!-- verifyappointmentword -->
  <testcase classname="Class.TestCase2_Verify_Appointment_Confirmition" name="bookappointmentverify" time="0.0">
    <ignored/>
  </testcase> <!-- bookappointmentverify -->
  <testcase classname="Class.TestCase2_Verify_Appointment_Confirmition" name="comments" time="0.0">
    <ignored/>
  </testcase> <!-- comments -->
</testsuite> <!-- Default test -->
