<?xml version="1.0" encoding="UTF-8"?>
<!-- Generated by org.testng.reporters.JUnitXMLReporter -->
<testsuite ignored="0" hostname="SANKAPPA" failures="0" tests="10" name="Test" time="21.277" errors="0" timestamp="2023-11-27T19:58:18 IST">
  <testcase classname="Class.TestCase_Verify_Profile" name="appointment" time="0.678"/>
  <testcase classname="Class.TestCase_Verify_Profile" name="logindetails" time="1.812"/>
  <testcase classname="Class.TestCase_Verify_Profile" name="verifyappointmentword" time="0.68"/>
  <testcase classname="Class.TestCase_Verify_Profile" name="checkboxclick" time="0.111"/>
  <testcase classname="Class.TestCase_Verify_Profile" name="selectvisitdate" time="0.277"/>
  <testcase classname="Class.TestCase_Verify_Profile" name="comments" time="0.301"/>
  <testcase classname="Class.TestCase_Verify_Profile" name="bookappointment" time="0.407"/>
  <testcase classname="Class.TestCase_Verify_Profile" name="bookappointmentverify" time="0.206"/>
  <testcase classname="Class.TestCase_Verify_Profile" name="viewverify_Profile" time="0.697"/>
  <testcase classname="Class.TestCase_Verify_Profile" name="viewverify_Profile_UNDERCONSTRUCTION" time="0.104"/>
</testsuite> <!-- Test -->
